2018-08-25 13:26:09.257  INFO 2430 --- [main] com.demo.DemoApplication                 : Starting DemoApplication on Jia-yinteki-MacBook-Pro.local with PID 2430 (/Users/jia/git/demoSpringBoot/demoSpringBoot/target/classes started by jia in /Users/jia/git/demoSpringBoot/demoSpringBoot)
2018-08-25 13:26:09.271  INFO 2430 --- [main] com.demo.DemoApplication                 : No active profile set, falling back to default profiles: default
2018-08-25 13:26:09.392  INFO 2430 --- [main] ConfigServletWebServerApplicationContext : Refreshing org.springframework.boot.web.servlet.context.AnnotationConfigServletWebServerApplicationContext@4a22f9e2: startup date [Sat Aug 25 13:26:09 CST 2018]; root of context hierarchy
2018-08-25 13:26:11.901  INFO 2430 --- [main] trationDelegate$BeanPostProcessorChecker : Bean 'org.springframework.transaction.annotation.ProxyTransactionManagementConfiguration' of type [org.springframework.transaction.annotation.ProxyTransactionManagementConfiguration$$EnhancerBySpringCGLIB$$7ffd866b] is not eligible for getting processed by all BeanPostProcessors (for example: not eligible for auto-proxying)
2018-08-25 13:26:12.693  INFO 2430 --- [main] o.s.b.w.embedded.tomcat.TomcatWebServer  : Tomcat initialized with port(s): 8080 (http)
2018-08-25 13:26:12.756  INFO 2430 --- [main] o.apache.catalina.core.StandardService   : Starting service [Tomcat]
2018-08-25 13:26:12.757  INFO 2430 --- [main] org.apache.catalina.core.StandardEngine  : Starting Servlet Engine: Apache Tomcat/8.5.32
2018-08-25 13:26:12.780  INFO 2430 --- [localhost-startStop-1] o.a.catalina.core.AprLifecycleListener   : The APR based Apache Tomcat Native library which allows optimal performance in production environments was not found on the java.library.path: [/Users/jia/Library/Java/Extensions:/Library/Java/Extensions:/Network/Library/Java/Extensions:/System/Library/Java/Extensions:/usr/lib/java:.]
2018-08-25 13:26:13.151  INFO 2430 --- [localhost-startStop-1] org.apache.jasper.servlet.TldScanner     : At least one JAR was scanned for TLDs yet contained no TLDs. Enable debug logging for this logger for a complete list of JARs that were scanned but no TLDs were found in them. Skipping unneeded JARs during scanning can improve startup time and JSP compilation time.
2018-08-25 13:26:13.187  INFO 2430 --- [localhost-startStop-1] o.a.c.c.C.[Tomcat].[localhost].[/]       : Initializing Spring embedded WebApplicationContext
2018-08-25 13:26:13.187  INFO 2430 --- [localhost-startStop-1] o.s.web.context.ContextLoader            : Root WebApplicationContext: initialization completed in 3795 ms
2018-08-25 13:26:13.308  INFO 2430 --- [localhost-startStop-1] o.s.b.w.servlet.ServletRegistrationBean  : Servlet dispatcherServlet mapped to [/]
2018-08-25 13:26:13.315  INFO 2430 --- [localhost-startStop-1] o.s.b.w.servlet.FilterRegistrationBean   : Mapping filter: 'characterEncodingFilter' to: [/*]
2018-08-25 13:26:13.316  INFO 2430 --- [localhost-startStop-1] o.s.b.w.servlet.FilterRegistrationBean   : Mapping filter: 'hiddenHttpMethodFilter' to: [/*]
2018-08-25 13:26:13.319  INFO 2430 --- [localhost-startStop-1] o.s.b.w.servlet.FilterRegistrationBean   : Mapping filter: 'httpPutFormContentFilter' to: [/*]
2018-08-25 13:26:13.320  INFO 2430 --- [localhost-startStop-1] o.s.b.w.servlet.FilterRegistrationBean   : Mapping filter: 'requestContextFilter' to: [/*]
2018-08-25 13:26:13.689  INFO 2430 --- [main] com.zaxxer.hikari.HikariDataSource       : HikariPool-1 - Starting...
2018-08-25 13:26:14.116  INFO 2430 --- [main] com.zaxxer.hikari.HikariDataSource       : HikariPool-1 - Start completed.
2018-08-25 13:26:14.210  INFO 2430 --- [main] j.LocalContainerEntityManagerFactoryBean : Building JPA container EntityManagerFactory for persistence unit 'default'
2018-08-25 13:26:14.250  INFO 2430 --- [main] o.hibernate.jpa.internal.util.LogHelper  : HHH000204: Processing PersistenceUnitInfo [
	name: default
	...]
2018-08-25 13:26:14.399  INFO 2430 --- [main] org.hibernate.Version                    : HHH000412: Hibernate Core {5.2.17.Final}
2018-08-25 13:26:14.401  INFO 2430 --- [main] org.hibernate.cfg.Environment            : HHH000206: hibernate.properties not found
2018-08-25 13:26:14.487  INFO 2430 --- [main] o.hibernate.annotations.common.Version   : HCANN000001: Hibernate Commons Annotations {5.0.1.Final}
2018-08-25 13:26:14.708  INFO 2430 --- [main] org.hibernate.dialect.Dialect            : HHH000400: Using dialect: org.hibernate.dialect.MySQL5Dialect
2018-08-25 13:26:15.395  INFO 2430 --- [main] j.LocalContainerEntityManagerFactoryBean : Initialized JPA EntityManagerFactory for persistence unit 'default'
2018-08-25 13:26:16.167  INFO 2430 --- [main] o.s.w.s.handler.SimpleUrlHandlerMapping  : Mapped URL path [/**/favicon.ico] onto handler of type [class org.springframework.web.servlet.resource.ResourceHttpRequestHandler]
2018-08-25 13:26:16.637  INFO 2430 --- [main] s.w.s.m.m.a.RequestMappingHandlerAdapter : Looking for @ControllerAdvice: org.springframework.boot.web.servlet.context.AnnotationConfigServletWebServerApplicationContext@4a22f9e2: startup date [Sat Aug 25 13:26:09 CST 2018]; root of context hierarchy
2018-08-25 13:26:16.724  WARN 2430 --- [main] aWebConfiguration$JpaWebMvcConfiguration : spring.jpa.open-in-view is enabled by default. Therefore, database queries may be performed during view rendering. Explicitly configure spring.jpa.open-in-view to disable this warning
2018-08-25 13:26:16.791  INFO 2430 --- [main] s.w.s.m.m.a.RequestMappingHandlerMapping : Mapped "{[/login]}" onto public java.lang.String com.demo.controller.LoginCrl.showCustomers()
2018-08-25 13:26:16.793  INFO 2430 --- [main] s.w.s.m.m.a.RequestMappingHandlerMapping : Mapped "{[/login2]}" onto public java.lang.String com.demo.controller.LoginCrl.showCustomers2()
2018-08-25 13:26:16.798  INFO 2430 --- [main] s.w.s.m.m.a.RequestMappingHandlerMapping : Mapped "{[/mem/add]}" onto public java.lang.String com.demo.controller.MemCrl.addMem()
2018-08-25 13:26:16.799  INFO 2430 --- [main] s.w.s.m.m.a.RequestMappingHandlerMapping : Mapped "{[/mem/show]}" onto public java.lang.String com.demo.controller.MemCrl.showMemList()
2018-08-25 13:26:16.807  INFO 2430 --- [main] s.w.s.m.m.a.RequestMappingHandlerMapping : Mapped "{[/addMemberPage],methods=[GET]}" onto public java.lang.String com.demo.controller.MemJPACrl.addMemberPage()
2018-08-25 13:26:16.808  INFO 2430 --- [main] s.w.s.m.m.a.RequestMappingHandlerMapping : Mapped "{[/rest]}" onto public java.lang.String com.demo.controller.RestCrl.login()
2018-08-25 13:26:16.813  INFO 2430 --- [main] s.w.s.m.m.a.RequestMappingHandlerMapping : Mapped "{[/error]}" onto public org.springframework.http.ResponseEntity<java.util.Map<java.lang.String, java.lang.Object>> org.springframework.boot.autoconfigure.web.servlet.error.BasicErrorController.error(javax.servlet.http.HttpServletRequest)
2018-08-25 13:26:16.814  INFO 2430 --- [main] s.w.s.m.m.a.RequestMappingHandlerMapping : Mapped "{[/error],produces=[text/html]}" onto public org.springframework.web.servlet.ModelAndView org.springframework.boot.autoconfigure.web.servlet.error.BasicErrorController.errorHtml(javax.servlet.http.HttpServletRequest,javax.servlet.http.HttpServletResponse)
2018-08-25 13:26:16.882  INFO 2430 --- [main] o.s.w.s.handler.SimpleUrlHandlerMapping  : Mapped URL path [/webjars/**] onto handler of type [class org.springframework.web.servlet.resource.ResourceHttpRequestHandler]
2018-08-25 13:26:16.882  INFO 2430 --- [main] o.s.w.s.handler.SimpleUrlHandlerMapping  : Mapped URL path [/**] onto handler of type [class org.springframework.web.servlet.resource.ResourceHttpRequestHandler]
2018-08-25 13:26:17.346  INFO 2430 --- [main] o.s.j.e.a.AnnotationMBeanExporter        : Registering beans for JMX exposure on startup
2018-08-25 13:26:17.349  INFO 2430 --- [main] o.s.j.e.a.AnnotationMBeanExporter        : Bean with name 'dataSource' has been autodetected for JMX exposure
2018-08-25 13:26:17.359  INFO 2430 --- [main] o.s.j.e.a.AnnotationMBeanExporter        : Located MBean 'dataSource': registering with JMX server as MBean [com.zaxxer.hikari:name=dataSource,type=HikariDataSource]
2018-08-25 13:26:17.454  INFO 2430 --- [main] o.s.b.w.embedded.tomcat.TomcatWebServer  : Tomcat started on port(s): 8080 (http) with context path ''
2018-08-25 13:26:17.462  INFO 2430 --- [main] com.demo.DemoApplication                 : Started DemoApplication in 9.292 seconds (JVM running for 9.903)
2018-08-25 13:27:02.935  INFO 2430 --- [http-nio-8080-exec-1] o.a.c.c.C.[Tomcat].[localhost].[/]       : Initializing Spring FrameworkServlet 'dispatcherServlet'
2018-08-25 13:27:02.935  INFO 2430 --- [http-nio-8080-exec-1] o.s.web.servlet.DispatcherServlet        : FrameworkServlet 'dispatcherServlet': initialization started
2018-08-25 13:27:02.962  INFO 2430 --- [http-nio-8080-exec-1] o.s.web.servlet.DispatcherServlet        : FrameworkServlet 'dispatcherServlet': initialization completed in 27 ms
2018-08-25 13:28:09.237  INFO 2430 --- [Thread-3] ConfigServletWebServerApplicationContext : Closing org.springframework.boot.web.servlet.context.AnnotationConfigServletWebServerApplicationContext@4a22f9e2: startup date [Sat Aug 25 13:26:09 CST 2018]; root of context hierarchy
2018-08-25 13:28:09.240  INFO 2430 --- [Thread-3] o.s.j.e.a.AnnotationMBeanExporter        : Unregistering JMX-exposed beans on shutdown
2018-08-25 13:28:09.241  INFO 2430 --- [Thread-3] o.s.j.e.a.AnnotationMBeanExporter        : Unregistering JMX-exposed beans
2018-08-25 13:28:09.244  INFO 2430 --- [Thread-3] j.LocalContainerEntityManagerFactoryBean : Closing JPA EntityManagerFactory for persistence unit 'default'
2018-08-25 13:28:09.246  INFO 2430 --- [Thread-3] com.zaxxer.hikari.HikariDataSource       : HikariPool-1 - Shutdown initiated...
2018-08-25 13:28:09.257  INFO 2430 --- [Thread-3] com.zaxxer.hikari.HikariDataSource       : HikariPool-1 - Shutdown completed.
